<?xml version="1.0" encoding="UTF-8"?>
<!-- Generated by org.testng.reporters.JUnitXMLReporter -->
<testsuite ignored="0" hostname="LipsaP-ATC-BENG" failures="1" tests="21" name="Default test" time="62.382" errors="0" timestamp="2024-07-03T12:09:11 IST">
  <testcase classname="com.ums.testcases.TC1_NewApplicantRegestrationPageTest" name="@BeforeMethod Setup" time="26.661">
    <failure type="org.openqa.selenium.ElementNotInteractableException" message="element not interactable
  (Session info: chrome=126.0.6478.127)
Build info: version: &amp;apos;4.20.0&amp;apos;, revision: &amp;apos;866c76ca80&amp;apos;
System info: os.name: &amp;apos;Windows 11&amp;apos;, os.arch: &amp;apos;amd64&amp;apos;, os.version: &amp;apos;10.0&amp;apos;, java.version: &amp;apos;22.0.1&amp;apos;
Driver info: org.openqa.selenium.chrome.ChromeDriver
Command: [0c8a9f98af379043095de28107042d68, clickElement {id=f.A98BAE9096944D6400BD23CC1E4C5ACD.d.AA1C662FDDE113E2D7E65C88B9A4942C.e.86}]
Capabilities {acceptInsecureCerts: false, browserName: chrome, browserVersion: 126.0.6478.127, chrome: {chromedriverVersion: 126.0.6478.126 (d36ace6122e..., userDataDir: C:\Users\lipsa\AppData\Loca...}, fedcm:accounts: true, goog:chromeOptions: {debuggerAddress: localhost:51484}, networkConnectionEnabled: false, pageLoadStrategy: normal, platformName: windows, proxy: Proxy(), se:cdp: ws://localhost:51484/devtoo..., se:cdpVersion: 126.0.6478.127, setWindowRect: true, strictFileInteractability: false, timeouts: {implicit: 0, pageLoad: 300000, script: 30000}, unhandledPromptBehavior: dismiss and notify, webauthn:extension:credBlob: true, webauthn:extension:largeBlob: true, webauthn:extension:minPinLength: true, webauthn:extension:prf: true, webauthn:virtualAuthenticators: true}
Element: [[ChromeDriver: chrome on windows (0c8a9f98af379043095de28107042d68)] -&amp;gt; xpath: //a[@href=&amp;apos;https://ums-qa.adamasuniversity.ac.in/admission/signup&amp;apos;]]
Session ID: 0c8a9f98af379043095de28107042d68">
      <![CDATA[org.openqa.selenium.ElementNotInteractableException: element not interactable
  (Session info: chrome=126.0.6478.127)
Build info: version: '4.20.0', revision: '866c76ca80'
System info: os.name: 'Windows 11', os.arch: 'amd64', os.version: '10.0', java.version: '22.0.1'
Driver info: org.openqa.selenium.chrome.ChromeDriver
Command: [0c8a9f98af379043095de28107042d68, clickElement {id=f.A98BAE9096944D6400BD23CC1E4C5ACD.d.AA1C662FDDE113E2D7E65C88B9A4942C.e.86}]
Capabilities {acceptInsecureCerts: false, browserName: chrome, browserVersion: 126.0.6478.127, chrome: {chromedriverVersion: 126.0.6478.126 (d36ace6122e..., userDataDir: C:\Users\lipsa\AppData\Loca...}, fedcm:accounts: true, goog:chromeOptions: {debuggerAddress: localhost:51484}, networkConnectionEnabled: false, pageLoadStrategy: normal, platformName: windows, proxy: Proxy(), se:cdp: ws://localhost:51484/devtoo..., se:cdpVersion: 126.0.6478.127, setWindowRect: true, strictFileInteractability: false, timeouts: {implicit: 0, pageLoad: 300000, script: 30000}, unhandledPromptBehavior: dismiss and notify, webauthn:extension:credBlob: true, webauthn:extension:largeBlob: true, webauthn:extension:minPinLength: true, webauthn:extension:prf: true, webauthn:virtualAuthenticators: true}
Element: [[ChromeDriver: chrome on windows (0c8a9f98af379043095de28107042d68)] -> xpath: //a[@href='https://ums-qa.adamasuniversity.ac.in/admission/signup']]
Session ID: 0c8a9f98af379043095de28107042d68
at java.base/jdk.internal.reflect.DirectConstructorHandleAccessor.newInstance(DirectConstructorHandleAccessor.java:62)
at java.base/java.lang.reflect.Constructor.newInstanceWithCaller(Constructor.java:502)
at java.base/java.lang.reflect.Constructor.newInstance(Constructor.java:486)
at org.openqa.selenium.remote.ErrorCodec.decode(ErrorCodec.java:167)
at org.openqa.selenium.remote.codec.w3c.W3CHttpResponseCodec.decode(W3CHttpResponseCodec.java:138)
at org.openqa.selenium.remote.codec.w3c.W3CHttpResponseCodec.decode(W3CHttpResponseCodec.java:50)
at org.openqa.selenium.remote.HttpCommandExecutor.execute(HttpCommandExecutor.java:190)
at org.openqa.selenium.remote.service.DriverCommandExecutor.invokeExecute(DriverCommandExecutor.java:216)
at org.openqa.selenium.remote.service.DriverCommandExecutor.execute(DriverCommandExecutor.java:174)
at org.openqa.selenium.remote.RemoteWebDriver.execute(RemoteWebDriver.java:518)
at org.openqa.selenium.remote.RemoteWebElement.execute(RemoteWebElement.java:223)
at org.openqa.selenium.remote.RemoteWebElement.click(RemoteWebElement.java:76)
at java.base/jdk.internal.reflect.DirectMethodHandleAccessor.invoke(DirectMethodHandleAccessor.java:103)
at java.base/java.lang.reflect.Method.invoke(Method.java:580)
at org.openqa.selenium.support.pagefactory.internal.LocatingElementHandler.invoke(LocatingElementHandler.java:51)
at jdk.proxy2/jdk.proxy2.$Proxy30.click(Unknown Source)
at com.ums.pages.ReadInstuctionPage.ClickOnReadInstucation(ReadInstuctionPage.java:19)
at com.ums.testcases.TC1_NewApplicantRegestrationPageTest.Setup(TC1_NewApplicantRegestrationPageTest.java:38)
at java.base/jdk.internal.reflect.DirectMethodHandleAccessor.invoke(DirectMethodHandleAccessor.java:103)
at java.base/java.lang.reflect.Method.invoke(Method.java:580)
at org.testng.internal.invokers.MethodInvocationHelper.invokeMethod(MethodInvocationHelper.java:139)
at org.testng.internal.invokers.MethodInvocationHelper.invokeMethodConsideringTimeout(MethodInvocationHelper.java:69)
at org.testng.internal.invokers.ConfigInvoker.invokeConfigurationMethod(ConfigInvoker.java:393)
at org.testng.internal.invokers.ConfigInvoker.invokeConfigurations(ConfigInvoker.java:326)
at org.testng.internal.invokers.TestInvoker.runConfigMethods(TestInvoker.java:810)
at org.testng.internal.invokers.TestInvoker.invokeMethod(TestInvoker.java:578)
at org.testng.internal.invokers.TestInvoker.invokeTestMethod(TestInvoker.java:228)
at org.testng.internal.invokers.MethodRunner.runInSequence(MethodRunner.java:63)
at org.testng.internal.invokers.TestInvoker$MethodInvocationAgent.invoke(TestInvoker.java:961)
at org.testng.internal.invokers.TestInvoker.invokeTestMethods(TestInvoker.java:201)
at org.testng.internal.invokers.TestMethodWorker.invokeTestMethods(TestMethodWorker.java:148)
at org.testng.internal.invokers.TestMethodWorker.run(TestMethodWorker.java:128)
at java.base/java.util.ArrayList.forEach(ArrayList.java:1597)
at org.testng.TestRunner.privateRun(TestRunner.java:819)
at org.testng.TestRunner.run(TestRunner.java:619)
at org.testng.SuiteRunner.runTest(SuiteRunner.java:443)
at org.testng.SuiteRunner.runSequentially(SuiteRunner.java:437)
at org.testng.SuiteRunner.privateRun(SuiteRunner.java:397)
at org.testng.SuiteRunner.run(SuiteRunner.java:336)
at org.testng.SuiteRunnerWorker.runSuite(SuiteRunnerWorker.java:52)
at org.testng.SuiteRunnerWorker.run(SuiteRunnerWorker.java:95)
at org.testng.TestNG.runSuitesSequentially(TestNG.java:1301)
at org.testng.TestNG.runSuitesLocally(TestNG.java:1228)
at org.testng.TestNG.runSuites(TestNG.java:1134)
at org.testng.TestNG.run(TestNG.java:1101)
at org.testng.remote.AbstractRemoteTestNG.run(AbstractRemoteTestNG.java:115)
at org.testng.remote.RemoteTestNG.initAndRun(RemoteTestNG.java:293)
at org.testng.remote.RemoteTestNG.main(RemoteTestNG.java:91)
]]>
    </failure>
  </testcase> <!-- @BeforeMethod Setup -->
  <testcase classname="com.ums.testcases.TC1_NewApplicantRegestrationPageTest" name="@BeforeMethod Setup" time="0.0">
    <skipped/>
  </testcase> <!-- @BeforeMethod Setup -->
  <testcase classname="com.ums.testcases.TC1_NewApplicantRegestrationPageTest" name="@BeforeMethod Setup" time="0.0">
    <skipped/>
  </testcase> <!-- @BeforeMethod Setup -->
  <testcase classname="com.ums.testcases.TC1_NewApplicantRegestrationPageTest" name="@BeforeMethod Setup" time="0.0">
    <skipped/>
  </testcase> <!-- @BeforeMethod Setup -->
  <testcase classname="com.ums.testcases.TC1_NewApplicantRegestrationPageTest" name="@BeforeMethod Setup" time="0.0">
    <skipped/>
  </testcase> <!-- @BeforeMethod Setup -->
  <testcase classname="com.ums.testcases.TC1_NewApplicantRegestrationPageTest" name="@BeforeMethod Setup" time="0.0">
    <skipped/>
  </testcase> <!-- @BeforeMethod Setup -->
  <testcase classname="com.ums.testcases.TC1_NewApplicantRegestrationPageTest" name="@BeforeMethod Setup" time="0.0">
    <skipped/>
  </testcase> <!-- @BeforeMethod Setup -->
  <testcase classname="com.ums.testcases.TC1_NewApplicantRegestrationPageTest" name="@BeforeMethod Setup" time="0.0">
    <skipped/>
  </testcase> <!-- @BeforeMethod Setup -->
  <testcase classname="com.ums.testcases.TC1_NewApplicantRegestrationPageTest" name="@BeforeMethod Setup" time="0.0">
    <skipped/>
  </testcase> <!-- @BeforeMethod Setup -->
  <testcase classname="com.ums.testcases.TC1_NewApplicantRegestrationPageTest" name="@BeforeMethod Setup" time="0.0">
    <skipped/>
  </testcase> <!-- @BeforeMethod Setup -->
  <testcase classname="com.ums.testcases.TC1_NewApplicantRegestrationPageTest" name="@BeforeMethod Setup" time="0.0">
    <skipped/>
  </testcase> <!-- @BeforeMethod Setup -->
  <testcase classname="com.ums.testcases.TC1_NewApplicantRegestrationPageTest" name="@BeforeMethod Setup" time="0.0">
    <skipped/>
  </testcase> <!-- @BeforeMethod Setup -->
  <testcase classname="com.ums.testcases.TC1_NewApplicantRegestrationPageTest" name="@BeforeMethod Setup" time="0.0">
    <skipped/>
  </testcase> <!-- @BeforeMethod Setup -->
  <testcase classname="com.ums.testcases.TC1_NewApplicantRegestrationPageTest" name="@BeforeMethod Setup" time="0.0">
    <skipped/>
  </testcase> <!-- @BeforeMethod Setup -->
  <testcase classname="com.ums.testcases.TC1_NewApplicantRegestrationPageTest" name="@BeforeMethod Setup" time="0.0">
    <skipped/>
  </testcase> <!-- @BeforeMethod Setup -->
  <testcase classname="com.ums.testcases.TC1_NewApplicantRegestrationPageTest" name="@BeforeMethod Setup" time="0.0">
    <skipped/>
  </testcase> <!-- @BeforeMethod Setup -->
  <testcase classname="com.ums.testcases.TC1_NewApplicantRegestrationPageTest" name="@BeforeMethod Setup" time="0.0">
    <skipped/>
  </testcase> <!-- @BeforeMethod Setup -->
  <testcase classname="com.ums.testcases.TC1_NewApplicantRegestrationPageTest" name="@BeforeMethod Setup" time="0.0">
    <skipped/>
  </testcase> <!-- @BeforeMethod Setup -->
  <testcase classname="com.ums.testcases.TC1_NewApplicantRegestrationPageTest" name="@BeforeMethod Setup" time="0.0">
    <skipped/>
  </testcase> <!-- @BeforeMethod Setup -->
  <testcase classname="com.ums.testcases.TC1_NewApplicantRegestrationPageTest" name="@BeforeMethod Setup" time="0.0">
    <skipped/>
  </testcase> <!-- @BeforeMethod Setup -->
  <testcase classname="com.ums.testcases.TC1_NewApplicantRegestrationPageTest" name="TC1A_UMS_FirstNameAndLastName_Mandatory" time="22.057">
    <failure type="org.openqa.selenium.NoSuchElementException" message="Cannot locate option with text: UG
For documentation on this error, please visit: https://www.selenium.dev/documentation/webdriver/troubleshooting/errors#no-such-element-exception
Build info: version: &amp;apos;4.20.0&amp;apos;, revision: &amp;apos;866c76ca80&amp;apos;
System info: os.name: &amp;apos;Windows 11&amp;apos;, os.arch: &amp;apos;amd64&amp;apos;, os.version: &amp;apos;10.0&amp;apos;, java.version: &amp;apos;22.0.1&amp;apos;
Driver info: driver.version: unknown">
      <![CDATA[org.openqa.selenium.NoSuchElementException: Cannot locate option with text: UG
For documentation on this error, please visit: https://www.selenium.dev/documentation/webdriver/troubleshooting/errors#no-such-element-exception
Build info: version: '4.20.0', revision: '866c76ca80'
System info: os.name: 'Windows 11', os.arch: 'amd64', os.version: '10.0', java.version: '22.0.1'
Driver info: driver.version: unknown
at org.openqa.selenium.support.ui.Select.selectByVisibleText(Select.java:153)
at com.ums.pages.RegistationPage.SelectProgramme(RegistationPage.java:72)
at com.ums.testcases.TC1_NewApplicantRegestrationPageTest.TC1A_UMS_FirstNameAndLastName_Mandatory(TC1_NewApplicantRegestrationPageTest.java:60)
at java.base/jdk.internal.reflect.DirectMethodHandleAccessor.invoke(DirectMethodHandleAccessor.java:103)
at java.base/java.lang.reflect.Method.invoke(Method.java:580)
at org.testng.internal.invokers.MethodInvocationHelper.invokeMethod(MethodInvocationHelper.java:139)
at org.testng.internal.invokers.TestInvoker.invokeMethod(TestInvoker.java:664)
at org.testng.internal.invokers.TestInvoker.invokeTestMethod(TestInvoker.java:228)
at org.testng.internal.invokers.MethodRunner.runInSequence(MethodRunner.java:63)
at org.testng.internal.invokers.TestInvoker$MethodInvocationAgent.invoke(TestInvoker.java:961)
at org.testng.internal.invokers.TestInvoker.invokeTestMethods(TestInvoker.java:201)
at org.testng.internal.invokers.TestMethodWorker.invokeTestMethods(TestMethodWorker.java:148)
at org.testng.internal.invokers.TestMethodWorker.run(TestMethodWorker.java:128)
at java.base/java.util.ArrayList.forEach(ArrayList.java:1597)
at org.testng.TestRunner.privateRun(TestRunner.java:819)
at org.testng.TestRunner.run(TestRunner.java:619)
at org.testng.SuiteRunner.runTest(SuiteRunner.java:443)
at org.testng.SuiteRunner.runSequentially(SuiteRunner.java:437)
at org.testng.SuiteRunner.privateRun(SuiteRunner.java:397)
at org.testng.SuiteRunner.run(SuiteRunner.java:336)
at org.testng.SuiteRunnerWorker.runSuite(SuiteRunnerWorker.java:52)
at org.testng.SuiteRunnerWorker.run(SuiteRunnerWorker.java:95)
at org.testng.TestNG.runSuitesSequentially(TestNG.java:1301)
at org.testng.TestNG.runSuitesLocally(TestNG.java:1228)
at org.testng.TestNG.runSuites(TestNG.java:1134)
at org.testng.TestNG.run(TestNG.java:1101)
at org.testng.remote.AbstractRemoteTestNG.run(AbstractRemoteTestNG.java:115)
at org.testng.remote.RemoteTestNG.initAndRun(RemoteTestNG.java:293)
at org.testng.remote.RemoteTestNG.main(RemoteTestNG.java:91)
]]>
    </failure>
  </testcase> <!-- TC1A_UMS_FirstNameAndLastName_Mandatory -->
  <testcase classname="com.ums.testcases.TC1_NewApplicantRegestrationPageTest" name="TC1B_UMS_FirstNameLastName_ValidInput" time="0.0">
    <skipped/>
  </testcase> <!-- TC1B_UMS_FirstNameLastName_ValidInput -->
  <testcase classname="com.ums.testcases.TC1_NewApplicantRegestrationPageTest" name="TC1C_UMS_FirstNameLastName_InvalidInput" time="0.0">
    <skipped/>
  </testcase> <!-- TC1C_UMS_FirstNameLastName_InvalidInput -->
  <testcase classname="com.ums.testcases.TC1_NewApplicantRegestrationPageTest" name="TC1D_UMS_DayField_ValidNumbers" time="0.001">
    <skipped/>
  </testcase> <!-- TC1D_UMS_DayField_ValidNumbers -->
  <testcase classname="com.ums.testcases.TC1_NewApplicantRegestrationPageTest" name="TC1E_UMS_MonthField_ValidMonth" time="0.0">
    <skipped/>
  </testcase> <!-- TC1E_UMS_MonthField_ValidMonth -->
  <testcase classname="com.ums.testcases.TC1_NewApplicantRegestrationPageTest" name="TC1F_UMS_YearField_ValidNumbers" time="0.0">
    <skipped/>
  </testcase> <!-- TC1F_UMS_YearField_ValidNumbers -->
  <testcase classname="com.ums.testcases.TC1_NewApplicantRegestrationPageTest" name="TC1G_UMS_ProgrammeSelection_Mandatory" time="0.0">
    <skipped/>
  </testcase> <!-- TC1G_UMS_ProgrammeSelection_Mandatory -->
  <testcase classname="com.ums.testcases.TC1_NewApplicantRegestrationPageTest" name="TC1H_UMS_ProgrammeSelection_DisplayList" time="0.0">
    <skipped/>
  </testcase> <!-- TC1H_UMS_ProgrammeSelection_DisplayList -->
  <testcase classname="com.ums.testcases.TC1_NewApplicantRegestrationPageTest" name="TC1I_UMS_AdmissionTo_DisplayList" time="0.0">
    <skipped/>
  </testcase> <!-- TC1I_UMS_AdmissionTo_DisplayList -->
  <testcase classname="com.ums.testcases.TC1_NewApplicantRegestrationPageTest" name="TC1J_UMS_EmailAddress_Mandatory" time="0.0">
    <skipped/>
  </testcase> <!-- TC1J_UMS_EmailAddress_Mandatory -->
  <testcase classname="com.ums.testcases.TC1_NewApplicantRegestrationPageTest" name="TC1K_UMS_EmailAddress_ValidFormat" time="0.0">
    <skipped/>
  </testcase> <!-- TC1K_UMS_EmailAddress_ValidFormat -->
  <testcase classname="com.ums.testcases.TC1_NewApplicantRegestrationPageTest" name="TC1L_UMS_EmailAddress_InvalidFormat" time="0.0">
    <skipped/>
  </testcase> <!-- TC1L_UMS_EmailAddress_InvalidFormat -->
  <testcase classname="com.ums.testcases.TC1_NewApplicantRegestrationPageTest" name="TC1M_UMS_MobileNumber_Mandatory" time="0.0">
    <skipped/>
  </testcase> <!-- TC1M_UMS_MobileNumber_Mandatory -->
  <testcase classname="com.ums.testcases.TC1_NewApplicantRegestrationPageTest" name="TC1N_UMS_MobileNumber_ValidNumbers" time="0.0">
    <skipped/>
  </testcase> <!-- TC1N_UMS_MobileNumber_ValidNumbers -->
  <testcase classname="com.ums.testcases.TC1_NewApplicantRegestrationPageTest" name="TC1O_UMS_Password_Mandatory" time="0.0">
    <skipped/>
  </testcase> <!-- TC1O_UMS_Password_Mandatory -->
  <testcase classname="com.ums.testcases.TC1_NewApplicantRegestrationPageTest" name="TC1P_UMS_Password_ValidCriteria" time="0.0">
    <skipped/>
  </testcase> <!-- TC1P_UMS_Password_ValidCriteria -->
  <testcase classname="com.ums.testcases.TC1_NewApplicantRegestrationPageTest" name="TC1Q_UMS_Password_InvalidCriteria" time="0.0">
    <skipped/>
  </testcase> <!-- TC1Q_UMS_Password_InvalidCriteria -->
  <testcase classname="com.ums.testcases.TC1_NewApplicantRegestrationPageTest" name="TC1R_UMS_ConfirmPassword_Mandatory" time="0.0">
    <skipped/>
  </testcase> <!-- TC1R_UMS_ConfirmPassword_Mandatory -->
  <testcase classname="com.ums.testcases.TC1_NewApplicantRegestrationPageTest" name="TC1S_UMS_ConfirmPassword_MatchPassword" time="0.0">
    <skipped/>
  </testcase> <!-- TC1S_UMS_ConfirmPassword_MatchPassword -->
  <testcase classname="com.ums.testcases.TC1_NewApplicantRegestrationPageTest" name="TC1T_UMS_ConfirmPassword_NonMatching" time="0.0">
    <skipped/>
  </testcase> <!-- TC1T_UMS_ConfirmPassword_NonMatching -->
  <testcase classname="com.ums.testcases.TC1_NewApplicantRegestrationPageTest" name="TC1U_UMS_TermsAndConditions_Mandatory" time="0.0">
    <skipped/>
  </testcase> <!-- TC1U_UMS_TermsAndConditions_Mandatory -->
</testsuite> <!-- Default test -->
