<?xml version="1.0" encoding="UTF-8"?>
<!-- Generated by org.testng.reporters.JUnitXMLReporter -->
<testsuite ignored="0" hostname="LipsaP-ATC-BENG" failures="2" tests="23" name="Test" time="289.028" errors="0" timestamp="2024-06-20T04:05:35 IST">
  <testcase classname="com.ums.testcases.TC1_NewApplicantRegestrationPageTest" name="@BeforeMethod Setup" time="21.315">
    <failure type="org.openqa.selenium.NoSuchElementException" message="no such element: Unable to locate element: {&amp;quot;method&amp;quot;:&amp;quot;xpath&amp;quot;,&amp;quot;selector&amp;quot;:&amp;quot;//a[@class=&amp;apos;sbold btn btn-success&amp;apos;]&amp;quot;}
  (Session info: chrome=125.0.6422.176)
For documentation on this error, please visit: https://www.selenium.dev/documentation/webdriver/troubleshooting/errors#no-such-element-exception
Build info: version: &amp;apos;4.20.0&amp;apos;, revision: &amp;apos;866c76ca80&amp;apos;
System info: os.name: &amp;apos;Windows 11&amp;apos;, os.arch: &amp;apos;amd64&amp;apos;, os.version: &amp;apos;10.0&amp;apos;, java.version: &amp;apos;22.0.1&amp;apos;
Driver info: org.openqa.selenium.chrome.ChromeDriver
Command: [4cc14418f4fac92ee1e23bfc10845457, findElement {value=//a[@class=&amp;apos;sbold btn btn-success&amp;apos;], using=xpath}]
Capabilities {acceptInsecureCerts: false, browserName: chrome, browserVersion: 125.0.6422.176, chrome: {chromedriverVersion: 125.0.6422.141 (4b1e8393712..., userDataDir: C:\Users\lipsa\AppData\Loca...}, fedcm:accounts: true, goog:chromeOptions: {debuggerAddress: localhost:62238}, networkConnectionEnabled: false, pageLoadStrategy: normal, platformName: windows, proxy: Proxy(), se:cdp: ws://localhost:62238/devtoo..., se:cdpVersion: 125.0.6422.176, setWindowRect: true, strictFileInteractability: false, timeouts: {implicit: 0, pageLoad: 300000, script: 30000}, unhandledPromptBehavior: dismiss and notify, webauthn:extension:credBlob: true, webauthn:extension:largeBlob: true, webauthn:extension:minPinLength: true, webauthn:extension:prf: true, webauthn:virtualAuthenticators: true}
Session ID: 4cc14418f4fac92ee1e23bfc10845457">
      <![CDATA[org.openqa.selenium.NoSuchElementException: no such element: Unable to locate element: {"method":"xpath","selector":"//a[@class='sbold btn btn-success']"}
  (Session info: chrome=125.0.6422.176)
For documentation on this error, please visit: https://www.selenium.dev/documentation/webdriver/troubleshooting/errors#no-such-element-exception
Build info: version: '4.20.0', revision: '866c76ca80'
System info: os.name: 'Windows 11', os.arch: 'amd64', os.version: '10.0', java.version: '22.0.1'
Driver info: org.openqa.selenium.chrome.ChromeDriver
Command: [4cc14418f4fac92ee1e23bfc10845457, findElement {value=//a[@class='sbold btn btn-success'], using=xpath}]
Capabilities {acceptInsecureCerts: false, browserName: chrome, browserVersion: 125.0.6422.176, chrome: {chromedriverVersion: 125.0.6422.141 (4b1e8393712..., userDataDir: C:\Users\lipsa\AppData\Loca...}, fedcm:accounts: true, goog:chromeOptions: {debuggerAddress: localhost:62238}, networkConnectionEnabled: false, pageLoadStrategy: normal, platformName: windows, proxy: Proxy(), se:cdp: ws://localhost:62238/devtoo..., se:cdpVersion: 125.0.6422.176, setWindowRect: true, strictFileInteractability: false, timeouts: {implicit: 0, pageLoad: 300000, script: 30000}, unhandledPromptBehavior: dismiss and notify, webauthn:extension:credBlob: true, webauthn:extension:largeBlob: true, webauthn:extension:minPinLength: true, webauthn:extension:prf: true, webauthn:virtualAuthenticators: true}
Session ID: 4cc14418f4fac92ee1e23bfc10845457
at org.openqa.selenium.remote.ErrorCodec.decode(ErrorCodec.java:167)
at org.openqa.selenium.remote.codec.w3c.W3CHttpResponseCodec.decode(W3CHttpResponseCodec.java:138)
at org.openqa.selenium.remote.codec.w3c.W3CHttpResponseCodec.decode(W3CHttpResponseCodec.java:50)
at org.openqa.selenium.remote.HttpCommandExecutor.execute(HttpCommandExecutor.java:190)
at org.openqa.selenium.remote.service.DriverCommandExecutor.invokeExecute(DriverCommandExecutor.java:216)
at org.openqa.selenium.remote.service.DriverCommandExecutor.execute(DriverCommandExecutor.java:174)
at org.openqa.selenium.remote.RemoteWebDriver.execute(RemoteWebDriver.java:518)
at org.openqa.selenium.remote.ElementLocation$ElementFinder$2.findElement(ElementLocation.java:165)
at org.openqa.selenium.remote.ElementLocation.findElement(ElementLocation.java:59)
at org.openqa.selenium.remote.RemoteWebDriver.findElement(RemoteWebDriver.java:355)
at org.openqa.selenium.remote.RemoteWebDriver.findElement(RemoteWebDriver.java:349)
at org.openqa.selenium.support.pagefactory.DefaultElementLocator.findElement(DefaultElementLocator.java:68)
at org.openqa.selenium.support.pagefactory.internal.LocatingElementHandler.invoke(LocatingElementHandler.java:38)
at jdk.proxy2/jdk.proxy2.$Proxy29.click(Unknown Source)
at com.ums.pages.ApplicantLoginPage.clickOnCreateNewAccount(ApplicantLoginPage.java:20)
at com.ums.testcases.TC1_NewApplicantRegestrationPageTest.Setup(TC1_NewApplicantRegestrationPageTest.java:32)
at java.base/java.util.ArrayList.forEach(ArrayList.java:1597)
... Removed 32 stack frames]]>
    </failure>
  </testcase> <!-- @BeforeMethod Setup -->
  <testcase classname="com.ums.testcases.TC1_NewApplicantRegestrationPageTest" name="@BeforeMethod Setup" time="0.0">
    <skipped/>
  </testcase> <!-- @BeforeMethod Setup -->
  <testcase classname="com.ums.testcases.TC1_NewApplicantRegestrationPageTest" name="@BeforeMethod Setup" time="0.0">
    <skipped/>
  </testcase> <!-- @BeforeMethod Setup -->
  <testcase classname="com.ums.testcases.TC1_NewApplicantRegestrationPageTest" name="@BeforeMethod Setup" time="0.0">
    <skipped/>
  </testcase> <!-- @BeforeMethod Setup -->
  <testcase classname="com.ums.testcases.TC1_NewApplicantRegestrationPageTest" name="@BeforeMethod Setup" time="0.0">
    <skipped/>
  </testcase> <!-- @BeforeMethod Setup -->
  <testcase classname="com.ums.testcases.TC1_NewApplicantRegestrationPageTest" name="@BeforeMethod Setup" time="0.0">
    <skipped/>
  </testcase> <!-- @BeforeMethod Setup -->
  <testcase classname="com.ums.testcases.TC1_NewApplicantRegestrationPageTest" name="@BeforeMethod Setup" time="0.0">
    <skipped/>
  </testcase> <!-- @BeforeMethod Setup -->
  <testcase classname="com.ums.testcases.TC1_NewApplicantRegestrationPageTest" name="@BeforeMethod Setup" time="0.0">
    <skipped/>
  </testcase> <!-- @BeforeMethod Setup -->
  <testcase classname="com.ums.testcases.TC1_NewApplicantRegestrationPageTest" name="@BeforeMethod Setup" time="0.0">
    <skipped/>
  </testcase> <!-- @BeforeMethod Setup -->
  <testcase classname="com.ums.testcases.TC1_NewApplicantRegestrationPageTest" name="TC1A_UMS_FirstNameAndLastName_Mandatory" time="4.188"/>
  <testcase classname="com.ums.testcases.TC1_NewApplicantRegestrationPageTest" name="TC1B_UMS_FirstNameLastName_ValidInput" time="46.272"/>
  <testcase classname="com.ums.testcases.TC1_NewApplicantRegestrationPageTest" name="TC1C_UMS_FirstNameLastName_InvalidInput" time="14.585"/>
  <testcase classname="com.ums.testcases.TC1_NewApplicantRegestrationPageTest" name="TC1D_UMS_DayField_ValidNumbers" time="14.46"/>
  <testcase classname="com.ums.testcases.TC1_NewApplicantRegestrationPageTest" name="TC1E_UMS_MonthField_ValidMonth" time="4.412"/>
  <testcase classname="com.ums.testcases.TC1_NewApplicantRegestrationPageTest" name="TC1F_UMS_YearField_ValidNumbers" time="4.887"/>
  <testcase classname="com.ums.testcases.TC1_NewApplicantRegestrationPageTest" name="TC1G_UMS_ProgrammeSelection_Mandatory" time="5.288"/>
  <testcase classname="com.ums.testcases.TC1_NewApplicantRegestrationPageTest" name="TC1H_UMS_ProgrammeSelection_DisplayList" time="5.433"/>
  <testcase classname="com.ums.testcases.TC1_NewApplicantRegestrationPageTest" name="TC1I_UMS_AdmissionTo_DisplayList" time="5.261"/>
  <testcase classname="com.ums.testcases.TC1_NewApplicantRegestrationPageTest" name="TC1J_UMS_EmailAddress_Mandatory" time="4.627"/>
  <testcase classname="com.ums.testcases.TC1_NewApplicantRegestrationPageTest" name="TC1K_UMS_EmailAddress_ValidFormat" time="22.735"/>
  <testcase classname="com.ums.testcases.TC1_NewApplicantRegestrationPageTest" name="TC1L_UMS_EmailAddress_InvalidFormat" time="6.516">
    <failure type="java.lang.AssertionError" message="URL doesn&amp;apos;t match. expected [https://ums-qa.adamasuniversity.ac.in/admission/signup] but found [https://ums-qa.adamasuniversity.ac.in/admission/otpVerify]">
      <![CDATA[java.lang.AssertionError: URL doesn't match. expected [https://ums-qa.adamasuniversity.ac.in/admission/signup] but found [https://ums-qa.adamasuniversity.ac.in/admission/otpVerify]
at com.ums.testcases.TC1_NewApplicantRegestrationPageTest.TC1L_UMS_EmailAddress_InvalidFormat(TC1_NewApplicantRegestrationPageTest.java:572)
at java.base/java.util.ArrayList.forEach(ArrayList.java:1597)
... Removed 30 stack frames]]>
    </failure>
  </testcase> <!-- TC1L_UMS_EmailAddress_InvalidFormat -->
  <testcase classname="com.ums.testcases.TC1_NewApplicantRegestrationPageTest" name="TC1M_UMS_MobileNumber_Mandatory" time="0.0">
    <skipped/>
  </testcase> <!-- TC1M_UMS_MobileNumber_Mandatory -->
  <testcase classname="com.ums.testcases.TC1_NewApplicantRegestrationPageTest" name="TC1N_UMS_MobileNumber_ValidNumbers" time="0.0">
    <skipped/>
  </testcase> <!-- TC1N_UMS_MobileNumber_ValidNumbers -->
  <testcase classname="com.ums.testcases.TC1_NewApplicantRegestrationPageTest" name="TC1O_UMS_Password_Mandatory" time="0.0">
    <skipped/>
  </testcase> <!-- TC1O_UMS_Password_Mandatory -->
  <testcase classname="com.ums.testcases.TC1_NewApplicantRegestrationPageTest" name="TC1P_UMS_Password_ValidCriteria" time="0.0">
    <skipped/>
  </testcase> <!-- TC1P_UMS_Password_ValidCriteria -->
  <testcase classname="com.ums.testcases.TC1_NewApplicantRegestrationPageTest" name="TC1Q_UMS_Password_InvalidCriteria" time="0.0">
    <skipped/>
  </testcase> <!-- TC1Q_UMS_Password_InvalidCriteria -->
  <testcase classname="com.ums.testcases.TC1_NewApplicantRegestrationPageTest" name="TC1R_UMS_ConfirmPassword_Mandatory" time="0.0">
    <skipped/>
  </testcase> <!-- TC1R_UMS_ConfirmPassword_Mandatory -->
  <testcase classname="com.ums.testcases.TC1_NewApplicantRegestrationPageTest" name="TC1S_UMS_ConfirmPassword_MatchPassword" time="0.0">
    <skipped/>
  </testcase> <!-- TC1S_UMS_ConfirmPassword_MatchPassword -->
  <testcase classname="com.ums.testcases.TC1_NewApplicantRegestrationPageTest" name="TC1T_UMS_ConfirmPassword_NonMatching" time="0.0">
    <skipped/>
  </testcase> <!-- TC1T_UMS_ConfirmPassword_NonMatching -->
  <testcase classname="com.ums.testcases.TC1_NewApplicantRegestrationPageTest" name="TC1U_UMS_TermsAndConditions_Mandatory" time="0.0">
    <skipped/>
  </testcase> <!-- TC1U_UMS_TermsAndConditions_Mandatory -->
  <testcase classname="com.ums.testcases.TC3_AdminLogin_Admission_VerifyCouseWiseApplicationTest" name="verifySearchPanel" time="5.617"/>
  <testcase classname="com.ums.testcases.TC3_AdminLogin_Admission_VerifyCouseWiseApplicationTest" name="verifyEditApplicationFunctionalityAndLogout" time="8.55">
    <failure type="java.lang.AssertionError" message="Title does not contain &amp;apos;ADAMAS UNIVERSITY&amp;apos;. expected [true] but found [false]">
      <![CDATA[java.lang.AssertionError: Title does not contain 'ADAMAS UNIVERSITY'. expected [true] but found [false]
at com.ums.testcases.TC3_AdminLogin_Admission_VerifyCouseWiseApplicationTest.verifyEditApplicationFunctionalityAndLogout(TC3_AdminLogin_Admission_VerifyCouseWiseApplicationTest.java:76)
at java.base/java.util.ArrayList.forEach(ArrayList.java:1597)
... Removed 28 stack frames]]>
    </failure>
  </testcase> <!-- verifyEditApplicationFunctionalityAndLogout -->
</testsuite> <!-- Test -->
